<?xml version="1.0" encoding="UTF-8"?>
<testng-results skipped="0" failed="0" total="2" passed="2">
  <reporter-output>
  </reporter-output>
  <suite name="Default suite" duration-ms="230" started-at="2016-12-13T14:11:50Z" finished-at="2016-12-13T14:11:50Z">
    <groups>
    </groups>
    <test name="Default test" duration-ms="230" started-at="2016-12-13T14:11:50Z" finished-at="2016-12-13T14:11:50Z">
      <class name="com.pac2.TestClass4">
        <test-method status="PASS" signature="testMethod4()[pri:0, instance:com.pac2.TestClass4@6aceb1a5]" name="testMethod4" is-config="true" duration-ms="8" started-at="2016-12-13T19:41:50Z" finished-at="2016-12-13T19:41:50Z">
          <reporter-output>
          </reporter-output>
        </test-method> <!-- testMethod4 -->
        <test-method status="PASS" signature="testMethod6()[pri:0, instance:com.pac2.TestClass4@6aceb1a5]" name="testMethod6" is-config="true" duration-ms="0" started-at="2016-12-13T19:41:50Z" finished-at="2016-12-13T19:41:50Z">
          <reporter-output>
          </reporter-output>
        </test-method> <!-- testMethod6 -->
        <test-method status="PASS" signature="testMethod5()[pri:0, instance:com.pac2.TestClass4@6aceb1a5]" name="testMethod5" is-config="true" duration-ms="1" started-at="2016-12-13T19:41:50Z" finished-at="2016-12-13T19:41:50Z">
          <reporter-output>
          </reporter-output>
        </test-method> <!-- testMethod5 -->
        <test-method status="PASS" signature="testMethod1()[pri:0, instance:com.pac2.TestClass4@6aceb1a5]" name="testMethod1" duration-ms="208" started-at="2016-12-13T19:41:50Z" finished-at="2016-12-13T19:41:50Z">
          <reporter-output>
          </reporter-output>
        </test-method> <!-- testMethod1 -->
        <test-method status="PASS" signature="testMethod5()[pri:0, instance:com.pac2.TestClass4@6aceb1a5]" name="testMethod5" is-config="true" duration-ms="0" started-at="2016-12-13T19:41:50Z" finished-at="2016-12-13T19:41:50Z">
          <reporter-output>
          </reporter-output>
        </test-method> <!-- testMethod5 -->
        <test-method status="PASS" signature="testMethod2()[pri:0, instance:com.pac2.TestClass4@6aceb1a5]" name="testMethod2" duration-ms="1" started-at="2016-12-13T19:41:50Z" finished-at="2016-12-13T19:41:50Z">
          <reporter-output>
          </reporter-output>
        </test-method> <!-- testMethod2 -->
      </class> <!-- com.pac2.TestClass4 -->
    </test> <!-- Default test -->
  </suite> <!-- Default suite -->
</testng-results>
